<?xml version="1.0" encoding="UTF-8"?>
<!-- Generated by org.testng.reporters.JUnitReportReporter -->
<testsuite hostname="LTIN509459" failures="0" tests="10" name="testScenario.GSD" time="100.871" errors="0" timestamp="2024-04-02T17:16:44 IST" skipped="0">
  <testcase classname="testScenario.GSD" name="liveSupportGSD" time="0.808"/>
  <testcase classname="testScenario.GSD" name="liveSupportGSD" time="0.731"/>
  <testcase classname="testScenario.GSD" name="validatingMessage" time="30.155"/>
  <testcase classname="testScenario.GSD" name="validatingMessage" time="30.086"/>
  <testcase classname="testScenario.GSD" name="validatingLanguage" time="0.192"/>
  <testcase classname="testScenario.GSD" name="validatingLanguage" time="0.156"/>
  <testcase classname="testScenario.GSD" name="validatingCountry" time="0.031"/>
  <testcase classname="testScenario.GSD" name="validatingCountry" time="0.020"/>
  <testcase classname="testScenario.GSD" name="countryWiseTooltip" time="20.390"/>
  <testcase classname="testScenario.GSD" name="countryWiseTooltip" time="18.302"/>
</testsuite> <!-- testScenario.GSD -->
