<?xml version="1.0" encoding="UTF-8"?>
<!-- Generated by org.testng.reporters.JUnitReportReporter -->
<testsuite hostname="LTIN509352" failures="0" tests="1" name="com.becognizant.testcases.validateWelcomeMessage" time="0.002" errors="0" timestamp="2024-03-28T10:42:56 IST" skipped="0">
  <testcase classname="com.becognizant.testcases.validateWelcomeMessage" name="f" time="0.002"/>
</testsuite> <!-- com.becognizant.testcases.validateWelcomeMessage -->
