<?xml version="1.0" encoding="UTF-8"?>
<!-- Generated by org.testng.reporters.JUnitReportReporter -->
<testsuite hostname="LTIN509352" failures="0" tests="12" name="com.becognizant.testcases.TC003_GSDPage" time="102.348" errors="0" timestamp="2024-04-03T17:19:38 IST" skipped="0">
  <testcase classname="com.becognizant.testcases.TC003_GSDPage" name="beCognizantTextValidation" time="4.290"/>
  <system-out/>
  <testcase classname="com.becognizant.testcases.TC003_GSDPage" name="profileValidation" time="8.658"/>
  <system-out/>
  <testcase classname="com.becognizant.testcases.TC003_GSDPage" name="oneCognizantTextValidation" time="0.036"/>
  <system-out/>
  <testcase classname="com.becognizant.testcases.TC003_GSDPage" name="navigateOneCognizant" time="11.543"/>
  <system-out/>
  <testcase classname="com.becognizant.testcases.TC003_GSDPage" name="searchGsd" time="3.243"/>
  <system-out/>
  <testcase classname="com.becognizant.testcases.TC003_GSDPage" name="clickOnGSD" time="35.361"/>
  <system-out/>
  <testcase classname="com.becognizant.testcases.TC003_GSDPage" name="verifyMessage" time="0.052"/>
  <system-out/>
  <testcase classname="com.becognizant.testcases.TC003_GSDPage" name="verifyDefaultLanguage" time="0.018"/>
  <system-out/>
  <testcase classname="com.becognizant.testcases.TC003_GSDPage" name="verifyDefaultCountry" time="0.020"/>
  <system-out/>
  <testcase classname="com.becognizant.testcases.TC003_GSDPage" name="verifyAvailableLanguages" time="1.714"/>
  <system-out/>
  <testcase classname="com.becognizant.testcases.TC003_GSDPage" name="defaultCountryTickets" time="7.049"/>
  <system-out/>
  <testcase classname="com.becognizant.testcases.TC003_GSDPage" name="randomCountry" time="30.364"/>
  <system-out/>
</testsuite> <!-- com.becognizant.testcases.TC003_GSDPage -->
