<?xml version="1.0" encoding="UTF-8"?>
<!-- Generated by org.testng.reporters.JUnitReportReporter -->
<testsuite hostname="LTIN509352" failures="0" tests="5" name="com.becognizant.testcases.TC002_OneCognizant" time="53.685" errors="0" timestamp="2024-04-02T17:30:37 IST" skipped="0">
  <testcase classname="com.becognizant.testcases.TC002_OneCognizant" name="beCognizantTextValidation" time="3.702"/>
  <system-out/>
  <testcase classname="com.becognizant.testcases.TC002_OneCognizant" name="oneCognizantTextValidation" time="0.024"/>
  <system-out/>
  <testcase classname="com.becognizant.testcases.TC002_OneCognizant" name="navigateOneCognizant" time="11.539"/>
  <system-out/>
  <testcase classname="com.becognizant.testcases.TC002_OneCognizant" name="searchGsd" time="3.176"/>
  <system-out/>
  <testcase classname="com.becognizant.testcases.TC002_OneCognizant" name="clickOnGSD" time="35.244"/>
  <system-out/>
</testsuite> <!-- com.becognizant.testcases.TC002_OneCognizant -->
